c:\users\excalibur\desktop\projeler\c++ real project\yeni\build\procedural_universe.dir\release\inputmanager.obj
c:\users\excalibur\desktop\projeler\c++ real project\yeni\build\procedural_universe.dir\release\main.obj
c:\users\excalibur\desktop\projeler\c++ real project\yeni\build\procedural_universe.dir\release\app.obj
c:\users\excalibur\desktop\projeler\c++ real project\yeni\build\procedural_universe.dir\release\camera.obj
c:\users\excalibur\desktop\projeler\c++ real project\yeni\build\procedural_universe.dir\release\window.obj
c:\users\excalibur\desktop\projeler\c++ real project\yeni\build\procedural_universe.dir\release\shader.obj
c:\users\excalibur\desktop\projeler\c++ real project\yeni\build\procedural_universe.dir\release\geometry.obj
c:\users\excalibur\desktop\projeler\c++ real project\yeni\build\cmakefiles\generate.stamp
c:\users\excalibur\desktop\projeler\c++ real project\yeni\build\release\procedural_universe.exe
c:\users\excalibur\desktop\projeler\c++ real project\yeni\build\procedural_universe.dir\release\procedur.616bb15e.tlog\cl.command.1.tlog
c:\users\excalibur\desktop\projeler\c++ real project\yeni\build\procedural_universe.dir\release\procedur.616bb15e.tlog\cl.items.tlog
c:\users\excalibur\desktop\projeler\c++ real project\yeni\build\procedural_universe.dir\release\procedur.616bb15e.tlog\cl.read.1.tlog
c:\users\excalibur\desktop\projeler\c++ real project\yeni\build\procedural_universe.dir\release\procedur.616bb15e.tlog\cl.write.1.tlog
c:\users\excalibur\desktop\projeler\c++ real project\yeni\build\procedural_universe.dir\release\procedur.616bb15e.tlog\custombuild.command.1.tlog
c:\users\excalibur\desktop\projeler\c++ real project\yeni\build\procedural_universe.dir\release\procedur.616bb15e.tlog\custombuild.read.1.tlog
c:\users\excalibur\desktop\projeler\c++ real project\yeni\build\procedural_universe.dir\release\procedur.616bb15e.tlog\custombuild.write.1.tlog
c:\users\excalibur\desktop\projeler\c++ real project\yeni\build\procedural_universe.dir\release\procedur.616bb15e.tlog\link.command.1.tlog
c:\users\excalibur\desktop\projeler\c++ real project\yeni\build\procedural_universe.dir\release\procedur.616bb15e.tlog\link.read.1.tlog
c:\users\excalibur\desktop\projeler\c++ real project\yeni\build\procedural_universe.dir\release\procedur.616bb15e.tlog\link.secondary.1.tlog
c:\users\excalibur\desktop\projeler\c++ real project\yeni\build\procedural_universe.dir\release\procedur.616bb15e.tlog\link.write.1.tlog
